0 info it worked if it ends with ok
1 verbose cli [ 'C:\\Program Files\\nodejs\\node.exe',
1 verbose cli   'C:\\Program Files\\nodejs\\node_modules\\npm\\bin\\npm-cli.js',
1 verbose cli   'start' ]
2 info using npm@3.10.10
3 info using node@v6.11.3
4 verbose run-script [ 'prestart', 'start', 'poststart' ]
5 info lifecycle dvia-final@1.0.0~prestart: dvia-final@1.0.0
6 silly lifecycle dvia-final@1.0.0~prestart: no script for prestart, continuing
7 info lifecycle dvia-final@1.0.0~start: dvia-final@1.0.0
8 verbose lifecycle dvia-final@1.0.0~start: unsafe-perm in lifecycle true
9 verbose lifecycle dvia-final@1.0.0~start: PATH: C:\Program Files\nodejs\node_modules\npm\bin\node-gyp-bin;C:\Users\rbest\Dropbox\ryanabest.github.io\dvia-2017\5.final-project\ryan\prototype\node_modules\.bin;C:\Python27\;C:\Python27\Scripts;C:\Program Files\Common Files\Microsoft Shared\Microsoft Online Services;C:\Program Files (x86)\Common Files\Microsoft Shared\Microsoft Online Services;C:\WINDOWS\system32;C:\WINDOWS;C:\WINDOWS\System32\Wbem;C:\WINDOWS\System32\WindowsPowerShell\v1.0\;C:\Program Files (x86)\Box\Box Edit\;C:\Program Files\Intel\WiFi\bin\;C:\Program Files\Common Files\Intel\WirelessCommon\;C:\Program Files (x86)\Enterprise Vault\EVClient\x64\;C:\Program Files (x86)\WebEx\Productivity Tools;C:\Program Files\Git\cmd;C:\Program Files\nodejs\;C:\Users\rbest\AppData\Local\Microsoft\WindowsApps;C:\Users\rbest\AppData\Local\Programs\Fiddler;C:\Users\rbest\AppData\Local\atom\bin;"C:\Users\rbest\Python26;C:\Users\rbest\Python26\Lib\site-packages;C:\Users\rbest\Python26\Scripts";C:\Users\rbest\AppData\Roaming\Dashlane\4.8.5.35155\ucrt;C:\Users\rbest\AppData\Local\GitHubDesktop\bin;C:\Windows\System32;C:\Users\rbest\AppData\Roaming\npm;C:\Users\rbest\AppData\Roaming\Dashlane\5.1.0.11228\bin\Firefox_Extension\{442718d9-475e-452a-b3e1-fb1ee16b8e9f}\components;C:\Users\rbest\AppData\Roaming\Dashlane\5.1.0.11228\ucrt
10 verbose lifecycle dvia-final@1.0.0~start: CWD: C:\Users\rbest\Dropbox\ryanabest.github.io\dvia-2017\5.final-project\ryan\prototype
11 silly lifecycle dvia-final@1.0.0~start: Args: [ '/d /s /c', 'http-server . -a localhost -p 8080 -c-1' ]
12 silly lifecycle dvia-final@1.0.0~start: Returned: code: 1  signal: null
13 info lifecycle dvia-final@1.0.0~start: Failed to exec start script
14 verbose stack Error: dvia-final@1.0.0 start: `http-server . -a localhost -p 8080 -c-1`
14 verbose stack Exit status 1
14 verbose stack     at EventEmitter.<anonymous> (C:\Program Files\nodejs\node_modules\npm\lib\utils\lifecycle.js:255:16)
14 verbose stack     at emitTwo (events.js:106:13)
14 verbose stack     at EventEmitter.emit (events.js:191:7)
14 verbose stack     at ChildProcess.<anonymous> (C:\Program Files\nodejs\node_modules\npm\lib\utils\spawn.js:40:14)
14 verbose stack     at emitTwo (events.js:106:13)
14 verbose stack     at ChildProcess.emit (events.js:191:7)
14 verbose stack     at maybeClose (internal/child_process.js:920:16)
14 verbose stack     at Process.ChildProcess._handle.onexit (internal/child_process.js:230:5)
15 verbose pkgid dvia-final@1.0.0
16 verbose cwd C:\Users\rbest\Dropbox\ryanabest.github.io\dvia-2017\5.final-project\ryan\prototype
17 error Windows_NT 10.0.15063
18 error argv "C:\\Program Files\\nodejs\\node.exe" "C:\\Program Files\\nodejs\\node_modules\\npm\\bin\\npm-cli.js" "start"
19 error node v6.11.3
20 error npm  v3.10.10
21 error code ELIFECYCLE
22 error dvia-final@1.0.0 start: `http-server . -a localhost -p 8080 -c-1`
22 error Exit status 1
23 error Failed at the dvia-final@1.0.0 start script 'http-server . -a localhost -p 8080 -c-1'.
23 error Make sure you have the latest version of node.js and npm installed.
23 error If you do, this is most likely a problem with the dvia-final package,
23 error not with npm itself.
23 error Tell the author that this fails on your system:
23 error     http-server . -a localhost -p 8080 -c-1
23 error You can get information on how to open an issue for this project with:
23 error     npm bugs dvia-final
23 error Or if that isn't available, you can get their info via:
23 error     npm owner ls dvia-final
23 error There is likely additional logging output above.
24 verbose exit [ 1, true ]
